<?xml version="1.0" encoding="UTF-8"?>
<coverage generated="1443294773">
  <project timestamp="1443294773">
    <package name="KK\Labs\ChuckConsoleBundle\ChuckFactService">
      <file name="/Volumes/Storage/Development/ChuckConsole/src/KK/Labs/ChuckConsoleBundle/ChuckFactService/ChuckAPIService.php">
        <class name="ChuckAPIService" namespace="KK\Labs\ChuckConsoleBundle\ChuckFactService">
          <metrics methods="5" coveredmethods="4" conditionals="0" coveredconditionals="0" statements="26" coveredstatements="24" elements="31" coveredelements="28"/>
        </class>
        <line num="33" type="method" name="__construct" crap="1" count="2"/>
        <line num="35" type="stmt" count="2"/>
        <line num="36" type="stmt" count="2"/>
        <line num="37" type="stmt" count="2"/>
        <line num="38" type="stmt" count="2"/>
        <line num="40" type="stmt" count="2"/>
        <line num="46" type="method" name="setFirstName" crap="1" count="2"/>
        <line num="48" type="stmt" count="2"/>
        <line num="49" type="stmt" count="2"/>
        <line num="56" type="method" name="setLastName" crap="1" count="2"/>
        <line num="58" type="stmt" count="2"/>
        <line num="59" type="stmt" count="2"/>
        <line num="66" type="method" name="setTimeout" crap="1" count="2"/>
        <line num="68" type="stmt" count="2"/>
        <line num="69" type="stmt" count="2"/>
        <line num="77" type="method" name="getFact" crap="3.02" count="2"/>
        <line num="79" type="stmt" count="2"/>
        <line num="80" type="stmt" count="2"/>
        <line num="81" type="stmt" count="2"/>
        <line num="82" type="stmt" count="2"/>
        <line num="85" type="stmt" count="2"/>
        <line num="87" type="stmt" count="2"/>
        <line num="88" type="stmt" count="2"/>
        <line num="89" type="stmt" count="2"/>
        <line num="90" type="stmt" count="2"/>
        <line num="91" type="stmt" count="2"/>
        <line num="92" type="stmt" count="0"/>
        <line num="96" type="stmt" count="2"/>
        <line num="97" type="stmt" count="2"/>
        <line num="98" type="stmt" count="2"/>
        <line num="100" type="stmt" count="0"/>
        <metrics loc="103" ncloc="68" classes="1" methods="5" coveredmethods="4" conditionals="0" coveredconditionals="0" statements="26" coveredstatements="24" elements="31" coveredelements="28"/>
      </file>
    </package>
    <package name="KK\Labs\ChuckConsoleBundle\Command">
      <file name="/Volumes/Storage/Development/ChuckConsole/src/KK/Labs/ChuckConsoleBundle/Command/ChuckCommand.php">
        <class name="ChuckCommand" namespace="KK\Labs\ChuckConsoleBundle\Command">
          <metrics methods="2" coveredmethods="0" conditionals="0" coveredconditionals="0" statements="18" coveredstatements="0" elements="20" coveredelements="0"/>
        </class>
        <line num="12" type="method" name="configure" crap="2" count="0"/>
        <line num="13" type="stmt" count="0"/>
        <line num="14" type="stmt" count="0"/>
        <line num="15" type="stmt" count="0"/>
        <line num="16" type="stmt" count="0"/>
        <line num="17" type="stmt" count="0"/>
        <line num="18" type="stmt" count="0"/>
        <line num="19" type="stmt" count="0"/>
        <line num="20" type="stmt" count="0"/>
        <line num="22" type="method" name="execute" crap="6" count="0"/>
        <line num="23" type="stmt" count="0"/>
        <line num="24" type="stmt" count="0"/>
        <line num="25" type="stmt" count="0"/>
        <line num="26" type="stmt" count="0"/>
        <line num="27" type="stmt" count="0"/>
        <line num="28" type="stmt" count="0"/>
        <line num="30" type="stmt" count="0"/>
        <line num="31" type="stmt" count="0"/>
        <line num="32" type="stmt" count="0"/>
        <line num="33" type="stmt" count="0"/>
        <metrics loc="34" ncloc="34" classes="1" methods="2" coveredmethods="0" conditionals="0" coveredconditionals="0" statements="18" coveredstatements="0" elements="20" coveredelements="0"/>
      </file>
    </package>
    <package name="KK\Labs\ChuckConsoleBundle\EventListener">
      <file name="/Volumes/Storage/Development/ChuckConsole/src/KK/Labs/ChuckConsoleBundle/EventListener/ConsoleTerminateListener.php">
        <class name="ConsoleTerminateListener" namespace="KK\Labs\ChuckConsoleBundle\EventListener">
          <metrics methods="2" coveredmethods="0" conditionals="0" coveredconditionals="0" statements="8" coveredstatements="0" elements="10" coveredelements="0"/>
        </class>
        <line num="14" type="method" name="__construct" crap="2" count="0"/>
        <line num="15" type="stmt" count="0"/>
        <line num="16" type="stmt" count="0"/>
        <line num="17" type="stmt" count="0"/>
        <line num="19" type="method" name="onConsoleTerminate" crap="12" count="0"/>
        <line num="20" type="stmt" count="0"/>
        <line num="21" type="stmt" count="0"/>
        <line num="22" type="stmt" count="0"/>
        <line num="23" type="stmt" count="0"/>
        <line num="24" type="stmt" count="0"/>
        <metrics loc="25" ncloc="25" classes="1" methods="2" coveredmethods="0" conditionals="0" coveredconditionals="0" statements="8" coveredstatements="0" elements="10" coveredelements="0"/>
      </file>
    </package>
    <package name="KK\Labs\ChuckConsoleBundle">
      <file name="/Volumes/Storage/Development/ChuckConsole/src/KK/Labs/ChuckConsoleBundle/KKLabsChuckConsoleBundle.php">
        <class name="KKLabsChuckConsoleBundle" namespace="KK\Labs\ChuckConsoleBundle">
          <metrics methods="0" coveredmethods="0" conditionals="0" coveredconditionals="0" statements="0" coveredstatements="0" elements="0" coveredelements="0"/>
        </class>
        <metrics loc="9" ncloc="9" classes="1" methods="0" coveredmethods="0" conditionals="0" coveredconditionals="0" statements="0" coveredstatements="0" elements="0" coveredelements="0"/>
      </file>
    </package>
    <metrics files="4" loc="171" ncloc="136" classes="4" methods="9" coveredmethods="4" conditionals="0" coveredconditionals="0" statements="52" coveredstatements="24" elements="61" coveredelements="28"/>
  </project>
</coverage>
